{"contracts/Bufficorn.sol":{"l":{"57":84,"58":84,"59":84,"60":84,"61":84,"62":84,"63":84,"76":27,"78":27,"79":27,"81":27,"85":100,"87":100,"88":100,"90":100,"98":20,"99":18,"100":16,"102":13,"104":13,"106":12,"107":100,"115":13,"116":12,"117":11,"121":10,"123":9,"127":4,"131":3,"132":27,"140":59,"144":1,"148":1,"152":12,"160":12,"164":2,"168":85},"path":"/Users/isaacpatka/ethdenver/scaffold-eth/packages/hardhat/contracts/Bufficorn.sol","s":{"1":84,"2":84,"3":84,"4":84,"5":84,"6":84,"7":84,"8":27,"9":27,"10":27,"11":27,"12":100,"13":100,"14":100,"15":100,"16":20,"17":18,"18":16,"19":13,"20":13,"21":12,"22":100,"23":13,"24":12,"25":11,"26":10,"27":9,"28":4,"29":3,"30":27,"31":59,"32":1,"33":1,"34":12,"35":12,"36":2,"37":85},"b":{"1":[18,2],"2":[16,2],"3":[13,3],"4":[12,1],"5":[12,1],"6":[11,1],"7":[9,1],"8":[3,1]},"f":{"1":84,"2":27,"3":100,"4":20,"5":13,"6":10,"7":4,"8":59,"9":1,"10":1,"11":12,"12":12,"13":2,"14":85},"fnMap":{"1":{"name":"constructor","line":56,"loc":{"start":{"line":49,"column":4},"end":{"line":64,"column":4}}},"2":{"name":"_mintReserved","line":75,"loc":{"start":{"line":75,"column":4},"end":{"line":82,"column":4}}},"3":{"name":"_mintItem","line":84,"loc":{"start":{"line":84,"column":4},"end":{"line":91,"column":4}}},"4":{"name":"_purchase","line":93,"loc":{"start":{"line":93,"column":4},"end":{"line":109,"column":4}}},"5":{"name":"mintPresale","line":111,"loc":{"start":{"line":111,"column":4},"end":{"line":118,"column":4}}},"6":{"name":"mintOpensale","line":120,"loc":{"start":{"line":120,"column":4},"end":{"line":124,"column":4}}},"7":{"name":"mintSpecial","line":126,"loc":{"start":{"line":126,"column":4},"end":{"line":134,"column":4}}},"8":{"name":"setContractState","line":138,"loc":{"start":{"line":136,"column":4},"end":{"line":141,"column":4}}},"9":{"name":"setBaseURI","line":143,"loc":{"start":{"line":143,"column":4},"end":{"line":145,"column":4}}},"10":{"name":"setRoot","line":147,"loc":{"start":{"line":147,"column":4},"end":{"line":149,"column":4}}},"11":{"name":"_leaf","line":151,"loc":{"start":{"line":151,"column":4},"end":{"line":153,"column":4}}},"12":{"name":"_verify","line":155,"loc":{"start":{"line":155,"column":4},"end":{"line":161,"column":4}}},"13":{"name":"_baseURI","line":163,"loc":{"start":{"line":163,"column":4},"end":{"line":165,"column":4}}},"14":{"name":"_setBaseURI","line":167,"loc":{"start":{"line":167,"column":4},"end":{"line":169,"column":4}}}},"statementMap":{"1":{"start":{"line":57,"column":8},"end":{"line":57,"column":28}},"2":{"start":{"line":58,"column":8},"end":{"line":58,"column":19}},"3":{"start":{"line":59,"column":8},"end":{"line":59,"column":27}},"4":{"start":{"line":60,"column":8},"end":{"line":60,"column":36}},"5":{"start":{"line":61,"column":8},"end":{"line":61,"column":38}},"6":{"start":{"line":62,"column":8},"end":{"line":62,"column":22}},"7":{"start":{"line":63,"column":8},"end":{"line":63,"column":55}},"8":{"start":{"line":76,"column":8},"end":{"line":76,"column":36}},"9":{"start":{"line":78,"column":8},"end":{"line":78,"column":48}},"10":{"start":{"line":79,"column":8},"end":{"line":79,"column":24}},"11":{"start":{"line":81,"column":8},"end":{"line":81,"column":17}},"12":{"start":{"line":85,"column":8},"end":{"line":85,"column":28}},"13":{"start":{"line":87,"column":8},"end":{"line":87,"column":40}},"14":{"start":{"line":88,"column":8},"end":{"line":88,"column":24}},"15":{"start":{"line":90,"column":8},"end":{"line":90,"column":17}},"16":{"start":{"line":98,"column":8},"end":{"line":98,"column":72}},"17":{"start":{"line":99,"column":8},"end":{"line":99,"column":52}},"18":{"start":{"line":100,"column":8},"end":{"line":100,"column":59}},"19":{"start":{"line":102,"column":8},"end":{"line":102,"column":61}},"20":{"start":{"line":104,"column":8},"end":{"line":104,"column":41}},"21":{"start":{"line":106,"column":8},"end":{"line":106,"column":3443}},"22":{"start":{"line":107,"column":12},"end":{"line":107,"column":32}},"23":{"start":{"line":115,"column":8},"end":{"line":115,"column":62}},"24":{"start":{"line":116,"column":8},"end":{"line":116,"column":73}},"25":{"start":{"line":117,"column":8},"end":{"line":117,"column":56}},"26":{"start":{"line":121,"column":8},"end":{"line":121,"column":61}},"27":{"start":{"line":123,"column":8},"end":{"line":123,"column":54}},"28":{"start":{"line":127,"column":8},"end":{"line":127,"column":4155}},"29":{"start":{"line":131,"column":8},"end":{"line":131,"column":4275}},"30":{"start":{"line":132,"column":12},"end":{"line":132,"column":36}},"31":{"start":{"line":140,"column":8},"end":{"line":140,"column":39}},"32":{"start":{"line":144,"column":8},"end":{"line":144,"column":28}},"33":{"start":{"line":148,"column":8},"end":{"line":148,"column":19}},"34":{"start":{"line":152,"column":8},"end":{"line":152,"column":51}},"35":{"start":{"line":160,"column":8},"end":{"line":160,"column":52}},"36":{"start":{"line":164,"column":8},"end":{"line":164,"column":22}},"37":{"start":{"line":168,"column":8},"end":{"line":168,"column":25}}},"branchMap":{"1":{"line":98,"type":"if","locations":[{"start":{"line":98,"column":8},"end":{"line":98,"column":8}},{"start":{"line":98,"column":8},"end":{"line":98,"column":8}}]},"2":{"line":99,"type":"if","locations":[{"start":{"line":99,"column":8},"end":{"line":99,"column":8}},{"start":{"line":99,"column":8},"end":{"line":99,"column":8}}]},"3":{"line":100,"type":"if","locations":[{"start":{"line":100,"column":8},"end":{"line":100,"column":8}},{"start":{"line":100,"column":8},"end":{"line":100,"column":8}}]},"4":{"line":104,"type":"if","locations":[{"start":{"line":104,"column":8},"end":{"line":104,"column":8}},{"start":{"line":104,"column":8},"end":{"line":104,"column":8}}]},"5":{"line":115,"type":"if","locations":[{"start":{"line":115,"column":8},"end":{"line":115,"column":8}},{"start":{"line":115,"column":8},"end":{"line":115,"column":8}}]},"6":{"line":116,"type":"if","locations":[{"start":{"line":116,"column":8},"end":{"line":116,"column":8}},{"start":{"line":116,"column":8},"end":{"line":116,"column":8}}]},"7":{"line":121,"type":"if","locations":[{"start":{"line":121,"column":8},"end":{"line":121,"column":8}},{"start":{"line":121,"column":8},"end":{"line":121,"column":8}}]},"8":{"line":127,"type":"if","locations":[{"start":{"line":127,"column":8},"end":{"line":127,"column":8}},{"start":{"line":127,"column":8},"end":{"line":127,"column":8}}]}}}}